<?xml version="1.0" encoding="UTF-8"?>
<testsuite xmlns:xsi="http://www.w3.org/2001/XMLSchema-instance" xsi:noNamespaceSchemaLocation="https://maven.apache.org/surefire/maven-surefire-plugin/xsd/surefire-test-report.xsd" version="3.0.2" name="ual.hmis.CalculatorTest" time="0.114" tests="5" errors="0" skipped="0" failures="0">
  <properties>
[...]
</properties>
  <testcase name="testDivideByZero" classname="ual.hmis.CalculatorTest" time="0.041"/>
  <testcase name="testAdd" classname="ual.hmis.CalculatorTest" time="0.007"/>
  <testcase name="testSubtract" classname="ual.hmis.CalculatorTest" time="0.0"/>
  <testcase name="testDivide" classname="ual.hmis.CalculatorTest" time="0.007"/>
  <testcase name="testMultiply" classname="ual.hmis.CalculatorTest" time="0.0"/>
</testsuite>